<?xml version="1.0" encoding="UTF-8"?>
<!-- Generated by org.testng.reporters.JUnitReportReporter -->
<testsuite hostname="LAPTOP-7CM1QD76" failures="0" tests="3" name="tests.LoginTest" time="49.118" errors="0" timestamp="2025-05-01T14:42:33 IST" skipped="0">
  <testcase classname="tests.LoginTest" name="testValidLogin" time="4.368"/>
  <testcase classname="tests.LoginTest" name="testValidLogin" time="38.704"/>
  <testcase classname="tests.LoginTest" name="testValidLogin" time="6.046"/>
</testsuite> <!-- tests.LoginTest -->
